<?xml version="1.0" encoding="UTF-8"?>
<!-- Generated by org.testng.reporters.JUnitReportReporter -->
<testsuite hostname="DESKTOP-7Q8PBAO" failures="0" tests="5" name="Tests.Calculator" time="44.884" errors="0" timestamp="2023-07-20T10:06:00 IST" skipped="0">
  <testcase classname="Tests.Calculator" name="addition" time="13.063">
    <system-out>
      <![CDATA[perform addition operation in a online calculator]]>
    </system-out>
  </testcase> <!-- addition -->
  <testcase classname="Tests.Calculator" name="multiplication" time="11.671"/>
  <testcase classname="Tests.Calculator" name="pivalue" time="4.461"/>
  <testcase classname="Tests.Calculator" name="squareRoot" time="9.207"/>
  <testcase classname="Tests.Calculator" name="factorial" time="6.482"/>
  <system-out>
    <![CDATA[perform addition operation in a online calculator]]>
  </system-out>
</testsuite> <!-- Tests.Calculator -->
