<?xml version="1.0" encoding="UTF-8"?>
<!-- Generated by org.testng.reporters.JUnitReportReporter -->
<testsuite hostname="DESKTOP-7Q8PBAO" failures="0" tests="2" name="GroupTest.Tests" time="0.030" errors="0" timestamp="2023-07-20T12:25:08 IST" skipped="0">
  <testcase classname="GroupTest.Tests" name="test1" time="0.015"/>
  <testcase classname="GroupTest.Tests" name="test3" time="0.015"/>
</testsuite> <!-- GroupTest.Tests -->
