<?xml version="1.0" encoding="UTF-8"?>
<!-- Generated by org.testng.reporters.JUnitReportReporter -->
<testsuite hostname="DESKTOP-7Q8PBAO" failures="0" tests="5" name="Tests.Test1" time="2.691" errors="0" timestamp="2023-07-19T16:03:53 IST" skipped="0">
  <testcase classname="Tests.Test1" name="addition" time="1.080"/>
  <testcase classname="Tests.Test1" name="multiplication" time="0.462"/>
  <testcase classname="Tests.Test1" name="squareRoot" time="0.455"/>
  <testcase classname="Tests.Test1" name="pivalue" time="0.353"/>
  <testcase classname="Tests.Test1" name="factorial" time="0.341"/>
</testsuite> <!-- Tests.Test1 -->
