<?xml version="1.0" encoding="UTF-8"?>
<!-- Generated by org.testng.reporters.JUnitReportReporter -->
<testsuite hostname="DESKTOP-7Q8PBAO" failures="0" tests="2" name="Tests.MphasisTest" time="12.451" errors="0" timestamp="2023-07-20T09:54:31 IST" skipped="0">
  <testcase classname="Tests.MphasisTest" name="StockExchangeTest" time="5.683"/>
  <testcase classname="Tests.MphasisTest" name="contactTest" time="6.768"/>
  <system-out>
    <![CDATA[perform addition operation in a online calculator]]>
  </system-out>
</testsuite> <!-- Tests.MphasisTest -->
